Traceback (most recent call last):
  File "/home/dario/school/senior-design/bug-free-octo-parakeet/venv/local/lib/python2.7/site-packages/newspaper/parsers.py", line 54, in fromstring
    cls.doc = lxml.html.fromstring(html)
  File "/home/dario/school/senior-design/bug-free-octo-parakeet/venv/local/lib/python2.7/site-packages/lxml/html/__init__.py", line 706, in fromstring
    doc = document_fromstring(html, parser=parser, base_url=base_url, **kw)
  File "/home/dario/school/senior-design/bug-free-octo-parakeet/venv/local/lib/python2.7/site-packages/lxml/html/__init__.py", line 600, in document_fromstring
    value = etree.fromstring(html, parser, **kw)
  File "lxml.etree.pyx", line 3032, in lxml.etree.fromstring (src/lxml/lxml.etree.c:68121)
  File "parser.pxi", line 1786, in lxml.etree._parseMemoryDocument (src/lxml/lxml.etree.c:102470)
  File "parser.pxi", line 1667, in lxml.etree._parseDoc (src/lxml/lxml.etree.c:101229)
  File "parser.pxi", line 1035, in lxml.etree._BaseParser._parseUnicodeDoc (src/lxml/lxml.etree.c:96139)
  File "parser.pxi", line 582, in lxml.etree._ParserContext._handleParseResultDoc (src/lxml/lxml.etree.c:91290)
  File "parser.pxi", line 683, in lxml.etree._handleParseResult (src/lxml/lxml.etree.c:92476)
  File "parser.pxi", line 631, in lxml.etree._raiseParseError (src/lxml/lxml.etree.c:91904)
XMLSyntaxError: line 1426: ID  already defined
Traceback (most recent call last):
  File "/home/dario/school/senior-design/bug-free-octo-parakeet/venv/local/lib/python2.7/site-packages/newspaper/parsers.py", line 54, in fromstring
    cls.doc = lxml.html.fromstring(html)
  File "/home/dario/school/senior-design/bug-free-octo-parakeet/venv/local/lib/python2.7/site-packages/lxml/html/__init__.py", line 706, in fromstring
    doc = document_fromstring(html, parser=parser, base_url=base_url, **kw)
  File "/home/dario/school/senior-design/bug-free-octo-parakeet/venv/local/lib/python2.7/site-packages/lxml/html/__init__.py", line 600, in document_fromstring
    value = etree.fromstring(html, parser, **kw)
  File "lxml.etree.pyx", line 3032, in lxml.etree.fromstring (src/lxml/lxml.etree.c:68121)
  File "parser.pxi", line 1786, in lxml.etree._parseMemoryDocument (src/lxml/lxml.etree.c:102470)
  File "parser.pxi", line 1667, in lxml.etree._parseDoc (src/lxml/lxml.etree.c:101229)
  File "parser.pxi", line 1035, in lxml.etree._BaseParser._parseUnicodeDoc (src/lxml/lxml.etree.c:96139)
  File "parser.pxi", line 582, in lxml.etree._ParserContext._handleParseResultDoc (src/lxml/lxml.etree.c:91290)
  File "parser.pxi", line 683, in lxml.etree._handleParseResult (src/lxml/lxml.etree.c:92476)
  File "parser.pxi", line 631, in lxml.etree._raiseParseError (src/lxml/lxml.etree.c:91904)
XMLSyntaxError: line 1295: ID  already defined
